<?xml version="1.0" encoding="UTF-8"?>
<!-- Generated by org.testng.reporters.JUnitXMLReporter -->
<testsuite ignored="0" hostname="LAPTOP-G32RHERC" failures="0" tests="5" name="Test" time="91.911" errors="0" timestamp="2023-08-01T20:15:35 IST">
  <testcase classname="testCases.TC003Test_Login_DDT" name="TestLoginDDT" time="20.788"/>
  <testcase classname="testCases.TC003Test_Login_DDT" name="TestLoginDDT" time="22.072"/>
  <testcase classname="testCases.TC003Test_Login_DDT" name="TestLoginDDT" time="20.869"/>
  <testcase classname="testCases.TC003Test_Login_DDT" name="TestLoginDDT" time="20.893"/>
  <testcase classname="testCases.TC003Test_Login_DDT" name="TestLoginDDT" time="1.52"/>
</testsuite> <!-- Test -->
