<?xml version="1.0" encoding="UTF-8"?>
<!-- Generated by org.testng.reporters.JUnitXMLReporter -->
<testsuite ignored="0" hostname="LAPTOP-G32RHERC" failures="0" tests="5" name="Test" time="98.491" errors="0" timestamp="2023-08-02T19:43:26 IST">
  <testcase classname="testCases.TC003Test_Login_DDT" name="TestLoginDDT" time="21.179"/>
  <testcase classname="testCases.TC003Test_Login_DDT" name="TestLoginDDT" time="21.714"/>
  <testcase classname="testCases.TC003Test_Login_DDT" name="TestLoginDDT" time="21.349"/>
  <testcase classname="testCases.TC003Test_Login_DDT" name="TestLoginDDT" time="21.518"/>
  <testcase classname="testCases.TC003Test_Login_DDT" name="TestLoginDDT" time="2.438"/>
</testsuite> <!-- Test -->
