<?xml version="1.0" encoding="UTF-8"?>
<testng-results ignored="0" total="2" passed="2" failed="0" skipped="0">
  <reporter-output>
  </reporter-output>
  <suite started-at="2023-08-01T21:38:35 IST" name="GroupSuite" finished-at="2023-08-01T21:39:04 IST" duration-ms="29032">
    <groups>
      <group name="Master">
        <method signature="TC002_Login_Test.Test_Login()[pri:0, instance:testCases.TC002_Login_Test@dbf57b3]" name="Test_Login" class="testCases.TC002_Login_Test"/>
        <method signature="TC01_Test_Account_Resgistration.TestRegistration()[pri:0, instance:testCases.TC01_Test_Account_Resgistration@479d31f3]" name="TestRegistration" class="testCases.TC01_Test_Account_Resgistration"/>
      </group> <!-- Master -->
      <group name="Sanity">
        <method signature="TC002_Login_Test.Test_Login()[pri:0, instance:testCases.TC002_Login_Test@dbf57b3]" name="Test_Login" class="testCases.TC002_Login_Test"/>
      </group> <!-- Sanity -->
      <group name="Regression">
        <method signature="TC01_Test_Account_Resgistration.TestRegistration()[pri:0, instance:testCases.TC01_Test_Account_Resgistration@479d31f3]" name="TestRegistration" class="testCases.TC01_Test_Account_Resgistration"/>
      </group> <!-- Regression -->
    </groups>
    <test started-at="2023-08-01T21:38:35 IST" name="Groups-Test" finished-at="2023-08-01T21:39:04 IST" duration-ms="29032">
      <class name="testCases.TC01_Test_Account_Resgistration">
        <test-method is-config="true" signature="Setup(java.lang.String)[pri:0, instance:testCases.TC01_Test_Account_Resgistration@479d31f3]" started-at="2023-08-01T21:38:35 IST" name="Setup" finished-at="2023-08-01T21:38:44 IST" duration-ms="9046" status="PASS">
          <params>
            <param index="0">
              <value>
                <![CDATA[chrome]]>
              </value>
            </param>
          </params>
          <reporter-output>
          </reporter-output>
        </test-method> <!-- Setup -->
        <test-method signature="TestRegistration()[pri:0, instance:testCases.TC01_Test_Account_Resgistration@479d31f3]" started-at="2023-08-01T21:38:44 IST" name="TestRegistration" finished-at="2023-08-01T21:38:52 IST" duration-ms="8068" status="PASS">
          <reporter-output>
          </reporter-output>
        </test-method> <!-- TestRegistration -->
        <test-method is-config="true" signature="TearDown()[pri:0, instance:testCases.TC01_Test_Account_Resgistration@479d31f3]" started-at="2023-08-01T21:38:52 IST" name="TearDown" finished-at="2023-08-01T21:38:52 IST" duration-ms="238" status="PASS">
          <reporter-output>
          </reporter-output>
        </test-method> <!-- TearDown -->
      </class> <!-- testCases.TC01_Test_Account_Resgistration -->
      <class name="testCases.TC002_Login_Test">
        <test-method is-config="true" signature="Setup(java.lang.String)[pri:0, instance:testCases.TC002_Login_Test@dbf57b3]" started-at="2023-08-01T21:38:52 IST" name="Setup" finished-at="2023-08-01T21:39:01 IST" duration-ms="8494" status="PASS">
          <params>
            <param index="0">
              <value>
                <![CDATA[chrome]]>
              </value>
            </param>
          </params>
          <reporter-output>
          </reporter-output>
        </test-method> <!-- Setup -->
        <test-method signature="Test_Login()[pri:0, instance:testCases.TC002_Login_Test@dbf57b3]" started-at="2023-08-01T21:39:01 IST" name="Test_Login" finished-at="2023-08-01T21:39:04 IST" duration-ms="2681" status="PASS">
          <reporter-output>
          </reporter-output>
        </test-method> <!-- Test_Login -->
        <test-method is-config="true" signature="TearDown()[pri:0, instance:testCases.TC002_Login_Test@dbf57b3]" started-at="2023-08-01T21:39:04 IST" name="TearDown" finished-at="2023-08-01T21:39:04 IST" duration-ms="211" status="PASS">
          <reporter-output>
          </reporter-output>
        </test-method> <!-- TearDown -->
      </class> <!-- testCases.TC002_Login_Test -->
    </test> <!-- Groups-Test -->
  </suite> <!-- GroupSuite -->
</testng-results>
